<?xml version="1.0" encoding="UTF-8"?>
<!-- Generated by org.testng.reporters.JUnitReportReporter -->
<testsuite hostname="DESKTOP-V8727EP" failures="0" tests="1" name="Tests.MainTest" time="27.455" errors="0" timestamp="2025-08-21T21:20:00 CST" skipped="0">
  <testcase classname="Tests.MainTest" name="winonaQuizHappyPath" time="27.455"/>
</testsuite> <!-- Tests.MainTest -->
