<?xml version="1.0" encoding="UTF-8"?>
<!-- Generated by org.testng.reporters.JUnitReportReporter -->
<testsuite hostname="DESKTOP-V8727EP" failures="0" tests="2" name="Tests.MainTest" time="57.175" errors="0" timestamp="2025-09-08T18:37:54 CST" skipped="0">
  <testcase classname="Tests.MainTest" name="winonaQuizHappyPath" time="29.886"/>
  <testcase classname="Tests.MainTest" name="winonaQuizHappyPath" time="27.289"/>
</testsuite> <!-- Tests.MainTest -->
